[debug] [2026-02-01T18:50:19.744Z] ----------------------------------------------------------------------
[debug] [2026-02-01T18:50:19.746Z] Command:       C:\Program Files\nodejs\node.exe C:\Users\pc 0170\AppData\Roaming\npm\node_modules\firebase-tools\lib\bin\firebase.js init
[debug] [2026-02-01T18:50:19.746Z] CLI Version:   15.4.0
[debug] [2026-02-01T18:50:19.746Z] Platform:      win32
[debug] [2026-02-01T18:50:19.746Z] Node Version:  v24.13.0
[debug] [2026-02-01T18:50:19.746Z] Time:          Sun Feb 01 2026 20:50:19 GMT+0200 (Israel Standard Time)
[debug] [2026-02-01T18:50:19.746Z] ----------------------------------------------------------------------
[debug] 
[debug] [2026-02-01T18:50:19.748Z] >>> [apiv2][query] GET https://firebase-public.firebaseio.com/cli.json [none]
[info] 
     ######## #### ########  ######## ########     ###     ######  ########
     ##        ##  ##     ## ##       ##     ##  ##   ##  ##       ##
     ######    ##  ########  ######   ########  #########  ######  ######
     ##        ##  ##    ##  ##       ##     ## ##     ##       ## ##
     ##       #### ##     ## ######## ########  ##     ##  ######  ########

You're about to initialize a Firebase project in this directory:

  C:\Projects\adel_clinic

Before we get started, keep in mind:

  * You are currently outside your home directory

[debug] [2026-02-01T18:50:20.816Z] <<< [apiv2][status] GET https://firebase-public.firebaseio.com/cli.json 200
[debug] [2026-02-01T18:50:20.816Z] <<< [apiv2][body] GET https://firebase-public.firebaseio.com/cli.json {"cloudBuildErrorAfter":1594252800000,"cloudBuildWarnAfter":1590019200000,"defaultNode10After":1594252800000,"minVersion":"3.0.5","node8DeploysDisabledAfter":1613390400000,"node8RuntimeDisabledAfter":1615809600000,"node8WarnAfter":1600128000000}
[info] 
=== Project Setup
[info] 
[info] First, let's associate this project directory with a Firebase project.
[info] You can create multiple project aliases by running firebase use --add, 
[info] 
[debug] [2026-02-01T18:50:51.073Z] > command requires scopes: ["email","openid","https://www.googleapis.com/auth/cloudplatformprojects.readonly","https://www.googleapis.com/auth/firebase","https://www.googleapis.com/auth/cloud-platform"]
[debug] [2026-02-01T18:50:51.073Z] > authorizing via signed-in user (shalatab4@gmail.com)
[debug] [2026-02-01T18:50:51.074Z] Checked if tokens are valid: false, expires at: 1769892894765
[debug] [2026-02-01T18:50:51.075Z] Checked if tokens are valid: false, expires at: 1769892894765
[debug] [2026-02-01T18:50:51.075Z] > refreshing access token with scopes: []
[debug] [2026-02-01T18:50:51.075Z] >>> [apiv2][query] POST https://www.googleapis.com/oauth2/v3/token [none]
[debug] [2026-02-01T18:50:51.075Z] >>> [apiv2][body] POST https://www.googleapis.com/oauth2/v3/token [omitted]
[debug] [2026-02-01T18:50:51.265Z] <<< [apiv2][status] POST https://www.googleapis.com/oauth2/v3/token 200
[debug] [2026-02-01T18:50:51.266Z] <<< [apiv2][body] POST https://www.googleapis.com/oauth2/v3/token [omitted]
[debug] [2026-02-01T18:50:51.277Z] >>> [apiv2][query] GET https://firebase.googleapis.com/v1beta1/projects pageSize=100
[debug] [2026-02-01T18:50:51.915Z] <<< [apiv2][status] GET https://firebase.googleapis.com/v1beta1/projects 200
[debug] [2026-02-01T18:50:51.916Z] <<< [apiv2][body] GET https://firebase.googleapis.com/v1beta1/projects [omitted]
[info] 
=== App Hosting Setup
[debug] [2026-02-01T18:50:54.735Z] Checked if tokens are valid: true, expires at: 1769975450266
[debug] [2026-02-01T18:50:54.735Z] Checked if tokens are valid: true, expires at: 1769975450266
[debug] [2026-02-01T18:50:54.736Z] >>> [apiv2][query] GET https://cloudbilling.googleapis.com/v1/projects/adelclinic-35393/billingInfo [none]
[debug] [2026-02-01T18:50:55.772Z] <<< [apiv2][status] GET https://cloudbilling.googleapis.com/v1/projects/adelclinic-35393/billingInfo 200
[debug] [2026-02-01T18:50:55.772Z] <<< [apiv2][body] GET https://cloudbilling.googleapis.com/v1/projects/adelclinic-35393/billingInfo {"name":"projects/adelclinic-35393/billingInfo","projectId":"adelclinic-35393","billingAccountName":"billingAccounts/01DD63-312A04-C8AB09","billingEnabled":true}
[debug] [2026-02-01T18:50:55.773Z] Checked if tokens are valid: true, expires at: 1769975450266
[debug] [2026-02-01T18:50:55.773Z] Checked if tokens are valid: true, expires at: 1769975450266
[debug] [2026-02-01T18:50:55.773Z] >>> [apiv2][query] GET https://serviceusage.googleapis.com/v1/projects/adelclinic-35393/services/firebaseapphosting.googleapis.com [none]
[debug] [2026-02-01T18:50:55.773Z] >>> [apiv2][(partial)header] GET https://serviceusage.googleapis.com/v1/projects/adelclinic-35393/services/firebaseapphosting.googleapis.com x-goog-quota-user=projects/adelclinic-35393
[debug] [2026-02-01T18:50:56.957Z] <<< [apiv2][status] GET https://serviceusage.googleapis.com/v1/projects/adelclinic-35393/services/firebaseapphosting.googleapis.com 200
[debug] [2026-02-01T18:50:56.957Z] <<< [apiv2][body] GET https://serviceusage.googleapis.com/v1/projects/adelclinic-35393/services/firebaseapphosting.googleapis.com [omitted]
[debug] [2026-02-01T18:50:56.958Z] Checked if tokens are valid: true, expires at: 1769975450266
[debug] [2026-02-01T18:50:56.958Z] Checked if tokens are valid: true, expires at: 1769975450266
[debug] [2026-02-01T18:50:56.958Z] >>> [apiv2][query] POST https://serviceusage.googleapis.com/v1/projects/adelclinic-35393/services/firebaseapphosting.googleapis.com:enable [none]
[debug] [2026-02-01T18:50:56.958Z] >>> [apiv2][(partial)header] POST https://serviceusage.googleapis.com/v1/projects/adelclinic-35393/services/firebaseapphosting.googleapis.com:enable x-goog-quota-user=projects/adelclinic-35393
[debug] [2026-02-01T18:50:57.702Z] <<< [apiv2][status] POST https://serviceusage.googleapis.com/v1/projects/adelclinic-35393/services/firebaseapphosting.googleapis.com:enable 200
[debug] [2026-02-01T18:50:57.703Z] <<< [apiv2][body] POST https://serviceusage.googleapis.com/v1/projects/adelclinic-35393/services/firebaseapphosting.googleapis.com:enable [omitted]
[debug] [2026-02-01T18:51:07.726Z] Checked if tokens are valid: true, expires at: 1769975450266
[debug] [2026-02-01T18:51:07.726Z] Checked if tokens are valid: true, expires at: 1769975450266
[debug] [2026-02-01T18:51:07.727Z] Checked if tokens are valid: true, expires at: 1769975450266
[debug] [2026-02-01T18:51:07.727Z] Checked if tokens are valid: true, expires at: 1769975450266
[debug] [2026-02-01T18:51:07.727Z] Checked if tokens are valid: true, expires at: 1769975450266
[debug] [2026-02-01T18:51:07.727Z] Checked if tokens are valid: true, expires at: 1769975450266
[debug] [2026-02-01T18:51:07.727Z] Checked if tokens are valid: true, expires at: 1769975450266
[debug] [2026-02-01T18:51:07.727Z] Checked if tokens are valid: true, expires at: 1769975450266
[debug] [2026-02-01T18:51:07.727Z] >>> [apiv2][query] GET https://serviceusage.googleapis.com/v1/projects/adelclinic-35393/services/developerconnect.googleapis.com [none]
[debug] [2026-02-01T18:51:07.727Z] >>> [apiv2][(partial)header] GET https://serviceusage.googleapis.com/v1/projects/adelclinic-35393/services/developerconnect.googleapis.com x-goog-quota-user=projects/adelclinic-35393
[debug] [2026-02-01T18:51:07.728Z] >>> [apiv2][query] GET https://serviceusage.googleapis.com/v1/projects/adelclinic-35393/services/secretmanager.googleapis.com [none]
[debug] [2026-02-01T18:51:07.728Z] >>> [apiv2][(partial)header] GET https://serviceusage.googleapis.com/v1/projects/adelclinic-35393/services/secretmanager.googleapis.com x-goog-quota-user=projects/adelclinic-35393
[debug] [2026-02-01T18:51:07.729Z] >>> [apiv2][query] GET https://serviceusage.googleapis.com/v1/projects/adelclinic-35393/services/run.googleapis.com [none]
[debug] [2026-02-01T18:51:07.729Z] >>> [apiv2][(partial)header] GET https://serviceusage.googleapis.com/v1/projects/adelclinic-35393/services/run.googleapis.com x-goog-quota-user=projects/adelclinic-35393
[debug] [2026-02-01T18:51:07.729Z] >>> [apiv2][query] GET https://serviceusage.googleapis.com/v1/projects/adelclinic-35393/services/iam.googleapis.com [none]
[debug] [2026-02-01T18:51:07.730Z] >>> [apiv2][(partial)header] GET https://serviceusage.googleapis.com/v1/projects/adelclinic-35393/services/iam.googleapis.com x-goog-quota-user=projects/adelclinic-35393
[debug] [2026-02-01T18:51:08.847Z] <<< [apiv2][status] GET https://serviceusage.googleapis.com/v1/projects/adelclinic-35393/services/secretmanager.googleapis.com 200
[debug] [2026-02-01T18:51:08.847Z] <<< [apiv2][body] GET https://serviceusage.googleapis.com/v1/projects/adelclinic-35393/services/secretmanager.googleapis.com [omitted]
[debug] [2026-02-01T18:51:08.853Z] <<< [apiv2][status] GET https://serviceusage.googleapis.com/v1/projects/adelclinic-35393/services/run.googleapis.com 200
[debug] [2026-02-01T18:51:08.853Z] <<< [apiv2][body] GET https://serviceusage.googleapis.com/v1/projects/adelclinic-35393/services/run.googleapis.com [omitted]
[debug] [2026-02-01T18:51:08.857Z] <<< [apiv2][status] GET https://serviceusage.googleapis.com/v1/projects/adelclinic-35393/services/developerconnect.googleapis.com 200
[debug] [2026-02-01T18:51:08.857Z] <<< [apiv2][body] GET https://serviceusage.googleapis.com/v1/projects/adelclinic-35393/services/developerconnect.googleapis.com [omitted]
[debug] [2026-02-01T18:51:08.857Z] Checked if tokens are valid: true, expires at: 1769975450266
[debug] [2026-02-01T18:51:08.857Z] Checked if tokens are valid: true, expires at: 1769975450266
[debug] [2026-02-01T18:51:08.857Z] >>> [apiv2][query] POST https://serviceusage.googleapis.com/v1/projects/adelclinic-35393/services/developerconnect.googleapis.com:enable [none]
[debug] [2026-02-01T18:51:08.857Z] >>> [apiv2][(partial)header] POST https://serviceusage.googleapis.com/v1/projects/adelclinic-35393/services/developerconnect.googleapis.com:enable x-goog-quota-user=projects/adelclinic-35393
[debug] [2026-02-01T18:51:08.858Z] <<< [apiv2][status] GET https://serviceusage.googleapis.com/v1/projects/adelclinic-35393/services/iam.googleapis.com 200
[debug] [2026-02-01T18:51:08.858Z] <<< [apiv2][body] GET https://serviceusage.googleapis.com/v1/projects/adelclinic-35393/services/iam.googleapis.com [omitted]
[debug] [2026-02-01T18:51:09.550Z] <<< [apiv2][status] POST https://serviceusage.googleapis.com/v1/projects/adelclinic-35393/services/developerconnect.googleapis.com:enable 200
[debug] [2026-02-01T18:51:09.550Z] <<< [apiv2][body] POST https://serviceusage.googleapis.com/v1/projects/adelclinic-35393/services/developerconnect.googleapis.com:enable [omitted]
[debug] [2026-02-01T18:51:19.562Z] Checked if tokens are valid: true, expires at: 1769975450266
[debug] [2026-02-01T18:51:19.562Z] Checked if tokens are valid: true, expires at: 1769975450266
[debug] [2026-02-01T18:51:19.562Z] >>> [apiv2][query] POST https://iam.googleapis.com/v1/projects/adelclinic-35393/serviceAccounts/firebase-app-hosting-compute@adelclinic-35393.iam.gserviceaccount.com:testIamPermissions [none]
[debug] [2026-02-01T18:51:19.562Z] >>> [apiv2][(partial)header] POST https://iam.googleapis.com/v1/projects/adelclinic-35393/serviceAccounts/firebase-app-hosting-compute@adelclinic-35393.iam.gserviceaccount.com:testIamPermissions x-goog-quota-user=projects/adelclinic-35393
[debug] [2026-02-01T18:51:19.562Z] >>> [apiv2][body] POST https://iam.googleapis.com/v1/projects/adelclinic-35393/serviceAccounts/firebase-app-hosting-compute@adelclinic-35393.iam.gserviceaccount.com:testIamPermissions {"permissions":["iam.serviceAccounts.actAs"]}
[debug] [2026-02-01T18:51:20.657Z] <<< [apiv2][status] POST https://iam.googleapis.com/v1/projects/adelclinic-35393/serviceAccounts/firebase-app-hosting-compute@adelclinic-35393.iam.gserviceaccount.com:testIamPermissions 404
[debug] [2026-02-01T18:51:20.657Z] <<< [apiv2][body] POST https://iam.googleapis.com/v1/projects/adelclinic-35393/serviceAccounts/firebase-app-hosting-compute@adelclinic-35393.iam.gserviceaccount.com:testIamPermissions {"error":{"code":404,"message":"Unknown service account","status":"NOT_FOUND"}}
[debug] [2026-02-01T18:51:20.657Z] Checked if tokens are valid: true, expires at: 1769975450266
[debug] [2026-02-01T18:51:20.657Z] Checked if tokens are valid: true, expires at: 1769975450266
[debug] [2026-02-01T18:51:20.657Z] >>> [apiv2][query] POST https://iam.googleapis.com/v1/projects/adelclinic-35393/serviceAccounts [none]
[debug] [2026-02-01T18:51:20.657Z] >>> [apiv2][body] POST https://iam.googleapis.com/v1/projects/adelclinic-35393/serviceAccounts {"accountId":"firebase-app-hosting-compute","serviceAccount":{"displayName":"Firebase App Hosting compute service account","description":"Default service account used to run builds and deploys for Firebase App Hosting"}}
[debug] [2026-02-01T18:51:21.291Z] <<< [apiv2][status] POST https://iam.googleapis.com/v1/projects/adelclinic-35393/serviceAccounts 200
[debug] [2026-02-01T18:51:21.292Z] <<< [apiv2][body] POST https://iam.googleapis.com/v1/projects/adelclinic-35393/serviceAccounts [omitted]
[debug] [2026-02-01T18:51:21.292Z] Checked if tokens are valid: true, expires at: 1769975450266
[debug] [2026-02-01T18:51:21.292Z] Checked if tokens are valid: true, expires at: 1769975450266
[debug] [2026-02-01T18:51:21.293Z] >>> [apiv2][query] POST https://cloudresourcemanager.googleapis.com/v1/projects/adelclinic-35393:getIamPolicy [none]
[debug] [2026-02-01T18:51:22.414Z] <<< [apiv2][status] POST https://cloudresourcemanager.googleapis.com/v1/projects/adelclinic-35393:getIamPolicy 200
[debug] [2026-02-01T18:51:22.414Z] <<< [apiv2][body] POST https://cloudresourcemanager.googleapis.com/v1/projects/adelclinic-35393:getIamPolicy {"version":1,"etag":"BwZJht89vF0=","bindings":[{"role":"roles/artifactregistry.serviceAgent","members":["serviceAccount:service-282914238575@gcp-sa-artifactregistry.iam.gserviceaccount.com"]},{"role":"roles/cloudbuild.builds.builder","members":["serviceAccount:282914238575@cloudbuild.gserviceaccount.com"]},{"role":"roles/cloudbuild.serviceAgent","members":["serviceAccount:service-282914238575@gcp-sa-cloudbuild.iam.gserviceaccount.com"]},{"role":"roles/cloudfunctions.serviceAgent","members":["serviceAccount:service-282914238575@gcf-admin-robot.iam.gserviceaccount.com"]},{"role":"roles/containerregistry.ServiceAgent","members":["serviceAccount:service-282914238575@containerregistry.iam.gserviceaccount.com"]},{"role":"roles/editor","members":["serviceAccount:282914238575-compute@developer.gserviceaccount.com","serviceAccount:282914238575@cloudservices.gserviceaccount.com","serviceAccount:adelclinic-35393@appspot.gserviceaccount.com"]},{"role":"roles/firebase.managementServiceAgent","members":["serviceAccount:service-282914238575@gcp-sa-firebase.iam.gserviceaccount.com"]},{"role":"roles/firebase.sdkAdminServiceAgent","members":["serviceAccount:firebase-adminsdk-fbsvc@adelclinic-35393.iam.gserviceaccount.com"]},{"role":"roles/firebaseauth.admin","members":["serviceAccount:firebase-adminsdk-fbsvc@adelclinic-35393.iam.gserviceaccount.com"]},{"role":"roles/firebasemods.serviceAgent","members":["serviceAccount:service-282914238575@gcp-sa-firebasemods.iam.gserviceaccount.com"]},{"role":"roles/firebaserules.system","members":["serviceAccount:service-282914238575@firebase-rules.iam.gserviceaccount.com"]},{"role":"roles/firebasestorage.serviceAgent","members":["serviceAccount:service-282914238575@gcp-sa-firebasestorage.iam.gserviceaccount.com"]},{"role":"roles/firestore.serviceAgent","members":["serviceAccount:service-282914238575@gcp-sa-firestore.iam.gserviceaccount.com"]},{"role":"roles/iam.serviceAccountTokenCreator","members":["serviceAccount:firebase-adminsdk-fbsvc@adelclinic-35393.iam.gserviceaccount.com"]},{"role":"roles/owner","members":["user:shalatab4@gmail.com"]},{"role":"roles/run.serviceAgent","members":["serviceAccount:service-282914238575@serverless-robot-prod.iam.gserviceaccount.com"]},{"role":"roles/storage.admin","members":["serviceAccount:firebase-adminsdk-fbsvc@adelclinic-35393.iam.gserviceaccount.com"]}]}
[debug] [2026-02-01T18:51:22.414Z] Checked if tokens are valid: true, expires at: 1769975450266
[debug] [2026-02-01T18:51:22.414Z] Checked if tokens are valid: true, expires at: 1769975450266
[debug] [2026-02-01T18:51:22.414Z] >>> [apiv2][query] POST https://cloudresourcemanager.googleapis.com/v1/projects/adelclinic-35393:setIamPolicy [none]
[debug] [2026-02-01T18:51:22.414Z] >>> [apiv2][body] POST https://cloudresourcemanager.googleapis.com/v1/projects/adelclinic-35393:setIamPolicy {"policy":{"version":1,"etag":"BwZJht89vF0=","bindings":[{"role":"roles/artifactregistry.serviceAgent","members":["serviceAccount:service-282914238575@gcp-sa-artifactregistry.iam.gserviceaccount.com"]},{"role":"roles/cloudbuild.builds.builder","members":["serviceAccount:282914238575@cloudbuild.gserviceaccount.com"]},{"role":"roles/cloudbuild.serviceAgent","members":["serviceAccount:service-282914238575@gcp-sa-cloudbuild.iam.gserviceaccount.com"]},{"role":"roles/cloudfunctions.serviceAgent","members":["serviceAccount:service-282914238575@gcf-admin-robot.iam.gserviceaccount.com"]},{"role":"roles/containerregistry.ServiceAgent","members":["serviceAccount:service-282914238575@containerregistry.iam.gserviceaccount.com"]},{"role":"roles/editor","members":["serviceAccount:282914238575-compute@developer.gserviceaccount.com","serviceAccount:282914238575@cloudservices.gserviceaccount.com","serviceAccount:adelclinic-35393@appspot.gserviceaccount.com"]},{"role":"roles/firebase.managementServiceAgent","members":["serviceAccount:service-282914238575@gcp-sa-firebase.iam.gserviceaccount.com"]},{"role":"roles/firebase.sdkAdminServiceAgent","members":["serviceAccount:firebase-adminsdk-fbsvc@adelclinic-35393.iam.gserviceaccount.com","serviceAccount:firebase-app-hosting-compute@adelclinic-35393.iam.gserviceaccount.com"]},{"role":"roles/firebaseauth.admin","members":["serviceAccount:firebase-adminsdk-fbsvc@adelclinic-35393.iam.gserviceaccount.com"]},{"role":"roles/firebasemods.serviceAgent","members":["serviceAccount:service-282914238575@gcp-sa-firebasemods.iam.gserviceaccount.com"]},{"role":"roles/firebaserules.system","members":["serviceAccount:service-282914238575@firebase-rules.iam.gserviceaccount.com"]},{"role":"roles/firebasestorage.serviceAgent","members":["serviceAccount:service-282914238575@gcp-sa-firebasestorage.iam.gserviceaccount.com"]},{"role":"roles/firestore.serviceAgent","members":["serviceAccount:service-282914238575@gcp-sa-firestore.iam.gserviceaccount.com"]},{"role":"roles/iam.serviceAccountTokenCreator","members":["serviceAccount:firebase-adminsdk-fbsvc@adelclinic-35393.iam.gserviceaccount.com"]},{"role":"roles/owner","members":["user:shalatab4@gmail.com"]},{"role":"roles/run.serviceAgent","members":["serviceAccount:service-282914238575@serverless-robot-prod.iam.gserviceaccount.com"]},{"role":"roles/storage.admin","members":["serviceAccount:firebase-adminsdk-fbsvc@adelclinic-35393.iam.gserviceaccount.com"]},{"role":"roles/firebaseapphosting.computeRunner","members":["serviceAccount:firebase-app-hosting-compute@adelclinic-35393.iam.gserviceaccount.com"]},{"role":"roles/developerconnect.readTokenAccessor","members":["serviceAccount:firebase-app-hosting-compute@adelclinic-35393.iam.gserviceaccount.com"]},{"role":"roles/storage.objectViewer","members":["serviceAccount:firebase-app-hosting-compute@adelclinic-35393.iam.gserviceaccount.com"]}]},"updateMask":"bindings"}
[debug] [2026-02-01T18:51:23.655Z] <<< [apiv2][status] POST https://cloudresourcemanager.googleapis.com/v1/projects/adelclinic-35393:setIamPolicy 400
[debug] [2026-02-01T18:51:23.655Z] <<< [apiv2][body] POST https://cloudresourcemanager.googleapis.com/v1/projects/adelclinic-35393:setIamPolicy {"error":{"code":400,"message":"Service account firebase-app-hosting-compute@adelclinic-35393.iam.gserviceaccount.com does not exist.","status":"INVALID_ARGUMENT"}}
[warn] !  Your App Hosting compute service account is still being provisioned in the background. If you encounter an error, please try again after a few moments. 
[info] i  This command links your local project to Firebase App Hosting. You will be able to deploy your web app with `firebase deploy` after setup. 
[debug] [2026-02-01T18:51:41.923Z] Checked if tokens are valid: true, expires at: 1769975450266
[debug] [2026-02-01T18:51:41.923Z] Checked if tokens are valid: true, expires at: 1769975450266
[debug] [2026-02-01T18:51:41.923Z] >>> [apiv2][query] GET https://firebaseapphosting.googleapis.com/v1beta/projects/adelclinic-35393/locations/-/backends 
[debug] [2026-02-01T18:51:43.021Z] <<< [apiv2][status] GET https://firebaseapphosting.googleapis.com/v1beta/projects/adelclinic-35393/locations/-/backends 200
[debug] [2026-02-01T18:51:43.021Z] <<< [apiv2][body] GET https://firebaseapphosting.googleapis.com/v1beta/projects/adelclinic-35393/locations/-/backends {}
[debug] [2026-02-01T18:51:46.894Z] ExitPromptError: User force closed the prompt with SIGINT
    at Interface.sigint (C:\Users\pc 0170\AppData\Roaming\npm\node_modules\firebase-tools\node_modules\@inquirer\core\dist\commonjs\lib\create-prompt.js:101:37)
    at Interface.emit (node:events:508:28)
    at [_ttyWrite] [as _ttyWrite] (node:internal/readline/interface:1327:18)
    at ReadStream.onkeypress (node:internal/readline/interface:284:20)
    at ReadStream.emit (node:events:520:35)
    at emitKeys (node:internal/readline/utils:371:14)
    at emitKeys.next (<anonymous>)
    at ReadStream.onData (node:internal/readline/emitKeypressEvents:64:36)
    at ReadStream.emit (node:events:508:28)
    at addChunk (node:internal/streams/readable:559:12)
[error] 
[error] Error: An unexpected error has occurred.
